<?xml version='1.0' encoding='UTF-8'?>
<testsuite hostname="LoretoVDX-FUK-MBA2.local" name="ExampleSpec" tests="1" errors="0" failures="0" skipped="0" time="0.024" timestamp="2024-07-29T09:46:58">
          <properties>
[...]
</properties>
          <testcase classname="ExampleSpec" name="The main object should say hello" time="0.024">
                      
                    </testcase>
          <system-out><![CDATA[]]></system-out>
          <system-err><![CDATA[]]></system-err>
        </testsuite>